Base path: /Applications/Unity/Unity.app/Contents
Cmd: initializeCompiler
Cmd: compileComputeKernel
  api=4 insize=1386 outsize=585 ok=1
Cmd: compileComputeKernel
  api=4 insize=3182 outsize=593 ok=1
Cmd: compileComputeKernel
  api=14 insize=3182 outsize=7033 ok=1
Cmd: translateComputeKernel
  api=14 insize=7105 outsize=3577 ok=1
Cmd: translateComputeKernel
  api=14 insize=6625 outsize=1561 ok=1
Cmd: compileComputeKernel
  api=4 insize=1484 outsize=349 ok=1
Cmd: compileComputeKernel
  api=4 insize=1386 outsize=1561 ok=1
Cmd: compileComputeKernel
  api=4 insize=3182 outsize=593 ok=1
Cmd: compileComputeKernel
  api=14 insize=3182 outsize=7033 ok=1
Cmd: translateComputeKernel
  api=14 insize=7105 outsize=3577 ok=1
Cmd: compileComputeKernel
  api=4 insize=1484 outsize=349 ok=1
Cmd: translateComputeKernel
  api=14 insize=7485 outsize=3561 ok=1

Quitting shader compiler process
